# JRE version: Java(TM) SE Runtime Environment (19.0.2+7) (build 19.0.2+7-44)
# Java VM: Java HotSpot(TM) 64-Bit Server VM (19.0.2+7-44, mixed mode, emulated-client, sharing, tiered, compressed oops, compressed class ptrs, g1 gc, windows-amd64)
GC Precious Log:
 CardTable entry size: 512
 Card Set container configuration: InlinePtr #cards 5 size 8 Array Of Cards #cards 12 size 40 Howl #buckets 4 coarsen threshold 1843 Howl Bitmap #cards 512 size 80 coarsen threshold 460 Card regions per heap region 1 cards per card region 2048
 CPUs: 4 total, 4 available
 Memory: 8057M
 Large Page Support: Disabled
 NUMA Support: Disabled
 Compressed Oops: Enabled (32-bit)
 Heap Region Size: 1M
 Heap Min Capacity: 8M
 Heap Initial Capacity: 126M
 Heap Max Capacity: 2016M
 Pre-touch: Disabled
 Parallel Workers: 4
 Concurrent Workers: 1
 Concurrent Refinement Workers: 4
 Periodic GC: Disabled
Heap:
 garbage-first heap   total 129024K, used 31551K [0x0000000082000000, 0x0000000100000000)
  region size 1024K, 3 young (3072K), 3 survivors (3072K)
 Metaspace       used 71186K, committed 71936K, reserved 1114112K
  class space    used 9931K, committed 10304K, reserved 1048576K
GC Heap History (20 events):
Event: 3.411 GC heap after
{Heap after GC invocations=8 (full 0):
 garbage-first heap   total 51200K, used 17015K [0x0000000082000000, 0x0000000100000000)
  region size 1024K, 2 young (2048K), 2 survivors (2048K)
 Metaspace       used 26453K, committed 27072K, reserved 1114112K
  class space    used 3553K, committed 3840K, reserved 1048576K
}
Event: 3.889 GC heap before
{Heap before GC invocations=8 (full 0):
 garbage-first heap   total 51200K, used 36471K [0x0000000082000000, 0x0000000100000000)
  region size 1024K, 22 young (22528K), 2 survivors (2048K)
 Metaspace       used 30147K, committed 30720K, reserved 1114112K
  class space    used 4054K, committed 4288K, reserved 1048576K
}
Event: 3.896 GC heap after
{Heap after GC invocations=9 (full 0):
 garbage-first heap   total 51200K, used 19124K [0x0000000082000000, 0x0000000100000000)
  region size 1024K, 3 young (3072K), 3 survivors (3072K)
 Metaspace       used 30147K, committed 30720K, reserved 1114112K
  class space    used 4054K, committed 4288K, reserved 1048576K
}
Event: 4.263 GC heap before
{Heap before GC invocations=9 (full 0):
 garbage-first heap   total 51200K, used 36532K [0x0000000082000000, 0x0000000100000000)
  region size 1024K, 21 young (21504K), 3 survivors (3072K)
 Metaspace       used 33980K, committed 34560K, reserved 1114112K
  class space    used 4581K, committed 4864K, reserved 1048576K
}
Event: 4.272 GC heap after
{Heap after GC invocations=10 (full 0):
 garbage-first heap   total 89088K, used 20400K [0x0000000082000000, 0x0000000100000000)
  region size 1024K, 2 young (2048K), 2 survivors (2048K)
 Metaspace       used 33980K, committed 34560K, reserved 1114112K
  class space    used 4581K, committed 4864K, reserved 1048576K
}
Event: 4.374 GC heap before
{Heap before GC invocations=10 (full 0):
 garbage-first heap   total 89088K, used 24496K [0x0000000082000000, 0x0000000100000000)
  region size 1024K, 7 young (7168K), 2 survivors (2048K)
 Metaspace       used 35350K, committed 35968K, reserved 1114112K
  class space    used 4798K, committed 5120K, reserved 1048576K
}
Event: 4.378 GC heap after
{Heap after GC invocations=11 (full 0):
 garbage-first heap   total 89088K, used 20410K [0x0000000082000000, 0x0000000100000000)
  region size 1024K, 2 young (2048K), 2 survivors (2048K)
 Metaspace       used 35350K, committed 35968K, reserved 1114112K
  class space    used 4798K, committed 5120K, reserved 1048576K
}
Event: 5.279 GC heap before
{Heap before GC invocations=12 (full 0):
 garbage-first heap   total 78848K, used 65466K [0x0000000082000000, 0x0000000100000000)
  region size 1024K, 46 young (47104K), 2 survivors (2048K)
 Metaspace       used 46442K, committed 47104K, reserved 1114112K
  class space    used 6298K, committed 6592K, reserved 1048576K
}
Event: 5.287 GC heap after
{Heap after GC invocations=13 (full 0):
 garbage-first heap   total 78848K, used 23818K [0x0000000082000000, 0x0000000100000000)
  region size 1024K, 5 young (5120K), 5 survivors (5120K)
 Metaspace       used 46442K, committed 47104K, reserved 1114112K
  class space    used 6298K, committed 6592K, reserved 1048576K
}
Event: 5.308 GC heap before
{Heap before GC invocations=13 (full 0):
 garbage-first heap   total 78848K, used 24842K [0x0000000082000000, 0x0000000100000000)
  region size 1024K, 6 young (6144K), 5 survivors (5120K)
 Metaspace       used 46755K, committed 47360K, reserved 1114112K
  class space    used 6320K, committed 6592K, reserved 1048576K
}
Event: 5.314 GC heap after
{Heap after GC invocations=14 (full 0):
 garbage-first heap   total 78848K, used 24308K [0x0000000082000000, 0x0000000100000000)
  region size 1024K, 1 young (1024K), 1 survivors (1024K)
 Metaspace       used 46755K, committed 47360K, reserved 1114112K
  class space    used 6320K, committed 6592K, reserved 1048576K
}
Event: 6.039 GC heap before
{Heap before GC invocations=14 (full 0):
 garbage-first heap   total 78848K, used 58100K [0x0000000082000000, 0x0000000100000000)
  region size 1024K, 35 young (35840K), 1 survivors (1024K)
 Metaspace       used 56406K, committed 57152K, reserved 1114112K
  class space    used 7842K, committed 8192K, reserved 1048576K
}
Event: 6.042 GC heap after
{Heap after GC invocations=15 (full 0):
 garbage-first heap   total 78848K, used 25066K [0x0000000082000000, 0x0000000100000000)
  region size 1024K, 2 young (2048K), 2 survivors (2048K)
 Metaspace       used 56406K, committed 57152K, reserved 1114112K
  class space    used 7842K, committed 8192K, reserved 1048576K
}
Event: 6.592 GC heap before
{Heap before GC invocations=15 (full 0):
 garbage-first heap   total 78848K, used 42474K [0x0000000082000000, 0x0000000100000000)
  region size 1024K, 20 young (20480K), 2 survivors (2048K)
 Metaspace       used 59900K, committed 60608K, reserved 1114112K
  class space    used 8269K, committed 8640K, reserved 1048576K
}
Event: 6.598 GC heap after
{Heap after GC invocations=16 (full 0):
 garbage-first heap   total 78848K, used 26502K [0x0000000082000000, 0x0000000100000000)
  region size 1024K, 3 young (3072K), 3 survivors (3072K)
 Metaspace       used 59900K, committed 60608K, reserved 1114112K
  class space    used 8269K, committed 8640K, reserved 1048576K
}
Event: 7.184 GC heap before
{Heap before GC invocations=17 (full 0):
 garbage-first heap   total 78848K, used 61318K [0x0000000082000000, 0x0000000100000000)
  region size 1024K, 37 young (37888K), 3 survivors (3072K)
 Metaspace       used 64183K, committed 64960K, reserved 1114112K
  class space    used 8966K, committed 9344K, reserved 1048576K
}
Event: 7.192 GC heap after
{Heap after GC invocations=18 (full 0):
 garbage-first heap   total 78848K, used 29624K [0x0000000082000000, 0x0000000100000000)
  region size 1024K, 5 young (5120K), 5 survivors (5120K)
 Metaspace       used 64183K, committed 64960K, reserved 1114112K
  class space    used 8966K, committed 9344K, reserved 1048576K
}
Event: 7.209 GC heap before
{Heap before GC invocations=18 (full 0):
 garbage-first heap   total 78848K, used 30648K [0x0000000082000000, 0x0000000100000000)
  region size 1024K, 6 young (6144K), 5 survivors (5120K)
 Metaspace       used 64373K, committed 65152K, reserved 1114112K
  class space    used 8995K, committed 9344K, reserved 1048576K
}
Event: 7.216 GC heap after
{Heap after GC invocations=19 (full 0):
 garbage-first heap   total 78848K, used 30143K [0x0000000082000000, 0x0000000100000000)
  region size 1024K, 1 young (1024K), 1 survivors (1024K)
 Metaspace       used 64373K, committed 65152K, reserved 1114112K
  class space    used 8995K, committed 9344K, reserved 1048576K
}
Event: 38.684 GC heap before
{Heap before GC invocations=19 (full 0):
 garbage-first heap   total 78848K, used 60863K [0x0000000082000000, 0x0000000100000000)
  region size 1024K, 32 young (32768K), 1 survivors (1024K)
 Metaspace       used 71186K, committed 71936K, reserved 1114112K
  class space    used 9931K, committed 10304K, reserved 1048576K
}

